{"G:\\the-quad\\client\\src\\controllers\\AccountController.js": {"path":"G:\\the-quad\\client\\src\\controllers\\AccountController.js","statementMap":{"0":{"start":{"line":8,"column":4},"end":{"line":8,"column":19}},"1":{"start":{"line":17,"column":4},"end":{"line":44,"column":7}},"2":{"start":{"line":18,"column":19},"end":{"line":18,"column":57}},"3":{"start":{"line":19,"column":67},"end":{"line":19,"column":71}},"4":{"start":{"line":20,"column":6},"end":{"line":22,"column":7}},"5":{"start":{"line":21,"column":8},"end":{"line":21,"column":51}},"6":{"start":{"line":24,"column":31},"end":{"line":24,"column":134}},"7":{"start":{"line":25,"column":6},"end":{"line":27,"column":7}},"8":{"start":{"line":26,"column":8},"end":{"line":26,"column":68}},"9":{"start":{"line":29,"column":27},"end":{"line":29,"column":124}},"10":{"start":{"line":30,"column":6},"end":{"line":32,"column":7}},"11":{"start":{"line":31,"column":8},"end":{"line":31,"column":65}},"12":{"start":{"line":34,"column":21},"end":{"line":34,"column":55}},"13":{"start":{"line":35,"column":27},"end":{"line":35,"column":217}},"14":{"start":{"line":36,"column":21},"end":{"line":36,"column":50}},"15":{"start":{"line":37,"column":20},"end":{"line":37,"column":74}},"16":{"start":{"line":39,"column":6},"end":{"line":43,"column":8}},"17":{"start":{"line":53,"column":4},"end":{"line":86,"column":7}},"18":{"start":{"line":54,"column":19},"end":{"line":54,"column":57}},"19":{"start":{"line":55,"column":34},"end":{"line":55,"column":38}},"20":{"start":{"line":56,"column":6},"end":{"line":58,"column":7}},"21":{"start":{"line":57,"column":8},"end":{"line":57,"column":59}},"22":{"start":{"line":60,"column":20},"end":{"line":60,"column":117}},"23":{"start":{"line":61,"column":6},"end":{"line":63,"column":7}},"24":{"start":{"line":62,"column":8},"end":{"line":62,"column":53}},"25":{"start":{"line":65,"column":19},"end":{"line":65,"column":27}},"26":{"start":{"line":66,"column":21},"end":{"line":66,"column":72}},"27":{"start":{"line":67,"column":6},"end":{"line":69,"column":7}},"28":{"start":{"line":68,"column":8},"end":{"line":68,"column":53}},"29":{"start":{"line":71,"column":20},"end":{"line":71,"column":106}},"30":{"start":{"line":72,"column":6},"end":{"line":85,"column":8}},"31":{"start":{"line":95,"column":4},"end":{"line":112,"column":7}},"32":{"start":{"line":96,"column":25},"end":{"line":96,"column":63}},"33":{"start":{"line":97,"column":20},"end":{"line":97,"column":53}},"34":{"start":{"line":98,"column":6},"end":{"line":100,"column":7}},"35":{"start":{"line":99,"column":8},"end":{"line":99,"column":57}},"36":{"start":{"line":102,"column":22},"end":{"line":102,"column":44}},"37":{"start":{"line":103,"column":21},"end":{"line":103,"column":35}},"38":{"start":{"line":104,"column":6},"end":{"line":104,"column":69}},"39":{"start":{"line":104,"column":19},"end":{"line":104,"column":69}},"40":{"start":{"line":106,"column":24},"end":{"line":106,"column":163}},"41":{"start":{"line":107,"column":6},"end":{"line":109,"column":7}},"42":{"start":{"line":108,"column":8},"end":{"line":108,"column":42}},"43":{"start":{"line":111,"column":6},"end":{"line":111,"column":36}}},"fnMap":{"0":{"name":"(anonymous_0)","decl":{"start":{"line":7,"column":2},"end":{"line":7,"column":3}},"loc":{"start":{"line":7,"column":19},"end":{"line":9,"column":3}},"line":7},"1":{"name":"(anonymous_1)","decl":{"start":{"line":16,"column":2},"end":{"line":16,"column":3}},"loc":{"start":{"line":16,"column":31},"end":{"line":45,"column":3}},"line":16},"2":{"name":"(anonymous_2)","decl":{"start":{"line":17,"column":49},"end":{"line":17,"column":50}},"loc":{"start":{"line":17,"column":64},"end":{"line":44,"column":5}},"line":17},"3":{"name":"(anonymous_3)","decl":{"start":{"line":52,"column":2},"end":{"line":52,"column":3}},"loc":{"start":{"line":52,"column":23},"end":{"line":87,"column":3}},"line":52},"4":{"name":"(anonymous_4)","decl":{"start":{"line":53,"column":49},"end":{"line":53,"column":50}},"loc":{"start":{"line":53,"column":64},"end":{"line":86,"column":5}},"line":53},"5":{"name":"(anonymous_5)","decl":{"start":{"line":94,"column":2},"end":{"line":94,"column":3}},"loc":{"start":{"line":94,"column":32},"end":{"line":113,"column":3}},"line":94},"6":{"name":"(anonymous_6)","decl":{"start":{"line":95,"column":49},"end":{"line":95,"column":50}},"loc":{"start":{"line":95,"column":64},"end":{"line":112,"column":5}},"line":95}},"branchMap":{"0":{"loc":{"start":{"line":20,"column":6},"end":{"line":22,"column":7}},"type":"if","locations":[{"start":{"line":20,"column":6},"end":{"line":22,"column":7}},{"start":{},"end":{}}],"line":20},"1":{"loc":{"start":{"line":20,"column":10},"end":{"line":20,"column":64}},"type":"binary-expr","locations":[{"start":{"line":20,"column":10},"end":{"line":20,"column":17}},{"start":{"line":20,"column":21},"end":{"line":20,"column":28}},{"start":{"line":20,"column":32},"end":{"line":20,"column":41}},{"start":{"line":20,"column":45},"end":{"line":20,"column":51}},{"start":{"line":20,"column":55},"end":{"line":20,"column":64}}],"line":20},"2":{"loc":{"start":{"line":25,"column":6},"end":{"line":27,"column":7}},"type":"if","locations":[{"start":{"line":25,"column":6},"end":{"line":27,"column":7}},{"start":{},"end":{}}],"line":25},"3":{"loc":{"start":{"line":30,"column":6},"end":{"line":32,"column":7}},"type":"if","locations":[{"start":{"line":30,"column":6},"end":{"line":32,"column":7}},{"start":{},"end":{}}],"line":30},"4":{"loc":{"start":{"line":35,"column":194},"end":{"line":35,"column":207}},"type":"binary-expr","locations":[{"start":{"line":35,"column":194},"end":{"line":35,"column":199}},{"start":{"line":35,"column":203},"end":{"line":35,"column":207}}],"line":35},"5":{"loc":{"start":{"line":42,"column":76},"end":{"line":42,"column":89}},"type":"binary-expr","locations":[{"start":{"line":42,"column":76},"end":{"line":42,"column":81}},{"start":{"line":42,"column":85},"end":{"line":42,"column":89}}],"line":42},"6":{"loc":{"start":{"line":56,"column":6},"end":{"line":58,"column":7}},"type":"if","locations":[{"start":{"line":56,"column":6},"end":{"line":58,"column":7}},{"start":{},"end":{}}],"line":56},"7":{"loc":{"start":{"line":56,"column":10},"end":{"line":56,"column":29}},"type":"binary-expr","locations":[{"start":{"line":56,"column":10},"end":{"line":56,"column":16}},{"start":{"line":56,"column":20},"end":{"line":56,"column":29}}],"line":56},"8":{"loc":{"start":{"line":61,"column":6},"end":{"line":63,"column":7}},"type":"if","locations":[{"start":{"line":61,"column":6},"end":{"line":63,"column":7}},{"start":{},"end":{}}],"line":61},"9":{"loc":{"start":{"line":67,"column":6},"end":{"line":69,"column":7}},"type":"if","locations":[{"start":{"line":67,"column":6},"end":{"line":69,"column":7}},{"start":{},"end":{}}],"line":67},"10":{"loc":{"start":{"line":96,"column":25},"end":{"line":96,"column":63}},"type":"binary-expr","locations":[{"start":{"line":96,"column":25},"end":{"line":96,"column":57}},{"start":{"line":96,"column":61},"end":{"line":96,"column":63}}],"line":96},"11":{"loc":{"start":{"line":98,"column":6},"end":{"line":100,"column":7}},"type":"if","locations":[{"start":{"line":98,"column":6},"end":{"line":100,"column":7}},{"start":{},"end":{}}],"line":98},"12":{"loc":{"start":{"line":104,"column":6},"end":{"line":104,"column":69}},"type":"if","locations":[{"start":{"line":104,"column":6},"end":{"line":104,"column":69}},{"start":{},"end":{}}],"line":104},"13":{"loc":{"start":{"line":107,"column":6},"end":{"line":109,"column":7}},"type":"if","locations":[{"start":{"line":107,"column":6},"end":{"line":109,"column":7}},{"start":{},"end":{}}],"line":107}},"s":{"0":0,"1":0,"2":0,"3":0,"4":0,"5":0,"6":0,"7":0,"8":0,"9":0,"10":0,"11":0,"12":0,"13":0,"14":0,"15":0,"16":0,"17":0,"18":0,"19":0,"20":0,"21":0,"22":0,"23":0,"24":0,"25":0,"26":0,"27":0,"28":0,"29":0,"30":0,"31":0,"32":0,"33":0,"34":0,"35":0,"36":0,"37":0,"38":0,"39":0,"40":0,"41":0,"42":0,"43":0},"f":{"0":0,"1":0,"2":0,"3":0,"4":0,"5":0,"6":0},"b":{"0":[0,0],"1":[0,0,0,0,0],"2":[0,0],"3":[0,0],"4":[0,0],"5":[0,0],"6":[0,0],"7":[0,0],"8":[0,0],"9":[0,0],"10":[0,0],"11":[0,0],"12":[0,0],"13":[0,0]}}
,"G:\\the-quad\\client\\src\\controllers\\AdminDashboardController.js": {"path":"G:\\the-quad\\client\\src\\controllers\\AdminDashboardController.js","statementMap":{"0":{"start":{"line":7,"column":32},"end":{"line":7,"column":42}},"1":{"start":{"line":8,"column":29},"end":{"line":8,"column":39}}},"fnMap":{"0":{"name":"(anonymous_0)","decl":{"start":{"line":7,"column":2},"end":{"line":7,"column":3}},"loc":{"start":{"line":7,"column":30},"end":{"line":7,"column":44}},"line":7},"1":{"name":"(anonymous_1)","decl":{"start":{"line":8,"column":2},"end":{"line":8,"column":3}},"loc":{"start":{"line":8,"column":27},"end":{"line":8,"column":41}},"line":8},"2":{"name":"(anonymous_2)","decl":{"start":{"line":9,"column":2},"end":{"line":9,"column":3}},"loc":{"start":{"line":9,"column":34},"end":{"line":9,"column":37}},"line":9}},"branchMap":{},"s":{"0":0,"1":0},"f":{"0":0,"1":0,"2":0},"b":{}}
,"G:\\the-quad\\client\\src\\controllers\\EventController.js": {"path":"G:\\the-quad\\client\\src\\controllers\\EventController.js","statementMap":{"0":{"start":{"line":8,"column":4},"end":{"line":8,"column":19}},"1":{"start":{"line":9,"column":4},"end":{"line":9,"column":35}},"2":{"start":{"line":18,"column":4},"end":{"line":71,"column":7}},"3":{"start":{"line":19,"column":23},"end":{"line":19,"column":53}},"4":{"start":{"line":20,"column":29},"end":{"line":20,"column":59}},"5":{"start":{"line":21,"column":20},"end":{"line":21,"column":41}},"6":{"start":{"line":22,"column":26},"end":{"line":22,"column":59}},"7":{"start":{"line":23,"column":24},"end":{"line":23,"column":49}},"8":{"start":{"line":24,"column":22},"end":{"line":24,"column":45}},"9":{"start":{"line":25,"column":22},"end":{"line":25,"column":57}},"10":{"start":{"line":26,"column":38},"end":{"line":26,"column":88}},"11":{"start":{"line":27,"column":25},"end":{"line":27,"column":59}},"12":{"start":{"line":28,"column":29},"end":{"line":28,"column":65}},"13":{"start":{"line":29,"column":21},"end":{"line":29,"column":43}},"14":{"start":{"line":30,"column":6},"end":{"line":32,"column":7}},"15":{"start":{"line":31,"column":8},"end":{"line":31,"column":97}},"16":{"start":{"line":34,"column":22},"end":{"line":37,"column":34}},"17":{"start":{"line":38,"column":6},"end":{"line":40,"column":7}},"18":{"start":{"line":39,"column":8},"end":{"line":39,"column":69}},"19":{"start":{"line":41,"column":25},"end":{"line":41,"column":27}},"20":{"start":{"line":41,"column":41},"end":{"line":41,"column":43}},"21":{"start":{"line":42,"column":24},"end":{"line":42,"column":49}},"22":{"start":{"line":43,"column":6},"end":{"line":45,"column":7}},"23":{"start":{"line":44,"column":8},"end":{"line":44,"column":115}},"24":{"start":{"line":46,"column":21},"end":{"line":46,"column":43}},"25":{"start":{"line":47,"column":6},"end":{"line":49,"column":7}},"26":{"start":{"line":48,"column":8},"end":{"line":48,"column":106}},"27":{"start":{"line":50,"column":27},"end":{"line":60,"column":8}},"28":{"start":{"line":61,"column":25},"end":{"line":61,"column":54}},"29":{"start":{"line":62,"column":6},"end":{"line":65,"column":31}},"30":{"start":{"line":66,"column":6},"end":{"line":70,"column":8}},"31":{"start":{"line":80,"column":4},"end":{"line":92,"column":7}},"32":{"start":{"line":82,"column":21},"end":{"line":87,"column":8}},"33":{"start":{"line":88,"column":6},"end":{"line":91,"column":8}}},"fnMap":{"0":{"name":"(anonymous_0)","decl":{"start":{"line":7,"column":2},"end":{"line":7,"column":3}},"loc":{"start":{"line":7,"column":32},"end":{"line":10,"column":3}},"line":7},"1":{"name":"(anonymous_1)","decl":{"start":{"line":17,"column":2},"end":{"line":17,"column":3}},"loc":{"start":{"line":17,"column":31},"end":{"line":72,"column":3}},"line":17},"2":{"name":"(anonymous_2)","decl":{"start":{"line":18,"column":49},"end":{"line":18,"column":50}},"loc":{"start":{"line":18,"column":64},"end":{"line":71,"column":5}},"line":18},"3":{"name":"(anonymous_3)","decl":{"start":{"line":79,"column":2},"end":{"line":79,"column":3}},"loc":{"start":{"line":79,"column":30},"end":{"line":93,"column":3}},"line":79},"4":{"name":"(anonymous_4)","decl":{"start":{"line":80,"column":49},"end":{"line":80,"column":50}},"loc":{"start":{"line":80,"column":64},"end":{"line":92,"column":5}},"line":80}},"branchMap":{"0":{"loc":{"start":{"line":22,"column":26},"end":{"line":22,"column":59}},"type":"binary-expr","locations":[{"start":{"line":22,"column":26},"end":{"line":22,"column":53}},{"start":{"line":22,"column":57},"end":{"line":22,"column":59}}],"line":22},"1":{"loc":{"start":{"line":25,"column":22},"end":{"line":25,"column":57}},"type":"binary-expr","locations":[{"start":{"line":25,"column":22},"end":{"line":25,"column":45}},{"start":{"line":25,"column":49},"end":{"line":25,"column":57}}],"line":25},"2":{"loc":{"start":{"line":27,"column":25},"end":{"line":27,"column":59}},"type":"binary-expr","locations":[{"start":{"line":27,"column":25},"end":{"line":27,"column":51}},{"start":{"line":27,"column":55},"end":{"line":27,"column":59}}],"line":27},"3":{"loc":{"start":{"line":28,"column":29},"end":{"line":28,"column":65}},"type":"binary-expr","locations":[{"start":{"line":28,"column":29},"end":{"line":28,"column":59}},{"start":{"line":28,"column":63},"end":{"line":28,"column":65}}],"line":28},"4":{"loc":{"start":{"line":30,"column":6},"end":{"line":32,"column":7}},"type":"if","locations":[{"start":{"line":30,"column":6},"end":{"line":32,"column":7}},{"start":{},"end":{}}],"line":30},"5":{"loc":{"start":{"line":30,"column":10},"end":{"line":30,"column":72}},"type":"binary-expr","locations":[{"start":{"line":30,"column":10},"end":{"line":30,"column":25}},{"start":{"line":30,"column":29},"end":{"line":30,"column":35}},{"start":{"line":30,"column":39},"end":{"line":30,"column":49}},{"start":{"line":30,"column":53},"end":{"line":30,"column":61}},{"start":{"line":30,"column":65},"end":{"line":30,"column":72}}],"line":30},"6":{"loc":{"start":{"line":38,"column":6},"end":{"line":40,"column":7}},"type":"if","locations":[{"start":{"line":38,"column":6},"end":{"line":40,"column":7}},{"start":{},"end":{}}],"line":38},"7":{"loc":{"start":{"line":43,"column":6},"end":{"line":45,"column":7}},"type":"if","locations":[{"start":{"line":43,"column":6},"end":{"line":45,"column":7}},{"start":{},"end":{}}],"line":43},"8":{"loc":{"start":{"line":43,"column":10},"end":{"line":43,"column":41}},"type":"binary-expr","locations":[{"start":{"line":43,"column":10},"end":{"line":43,"column":19}},{"start":{"line":43,"column":23},"end":{"line":43,"column":41}}],"line":43},"9":{"loc":{"start":{"line":47,"column":6},"end":{"line":49,"column":7}},"type":"if","locations":[{"start":{"line":47,"column":6},"end":{"line":49,"column":7}},{"start":{},"end":{}}],"line":47},"10":{"loc":{"start":{"line":47,"column":10},"end":{"line":47,"column":35}},"type":"binary-expr","locations":[{"start":{"line":47,"column":10},"end":{"line":47,"column":16}},{"start":{"line":47,"column":20},"end":{"line":47,"column":35}}],"line":47},"11":{"loc":{"start":{"line":58,"column":37},"end":{"line":58,"column":68}},"type":"cond-expr","locations":[{"start":{"line":58,"column":63},"end":{"line":58,"column":64}},{"start":{"line":58,"column":67},"end":{"line":58,"column":68}}],"line":58},"12":{"loc":{"start":{"line":90,"column":16},"end":{"line":90,"column":28}},"type":"binary-expr","locations":[{"start":{"line":90,"column":16},"end":{"line":90,"column":22}},{"start":{"line":90,"column":26},"end":{"line":90,"column":28}}],"line":90}},"s":{"0":0,"1":0,"2":0,"3":0,"4":0,"5":0,"6":0,"7":0,"8":0,"9":0,"10":0,"11":0,"12":0,"13":0,"14":0,"15":0,"16":0,"17":0,"18":0,"19":0,"20":0,"21":0,"22":0,"23":0,"24":0,"25":0,"26":0,"27":0,"28":0,"29":0,"30":0,"31":0,"32":0,"33":0},"f":{"0":0,"1":0,"2":0,"3":0,"4":0},"b":{"0":[0,0],"1":[0,0],"2":[0,0],"3":[0,0],"4":[0,0],"5":[0,0,0,0,0],"6":[0,0],"7":[0,0],"8":[0,0],"9":[0,0],"10":[0,0],"11":[0,0],"12":[0,0]}}
,"G:\\the-quad\\client\\src\\controllers\\OfficialEntities.js": {"path":"G:\\the-quad\\client\\src\\controllers\\OfficialEntities.js","statementMap":{"0":{"start":{"line":6,"column":4},"end":{"line":6,"column":23}},"1":{"start":{"line":15,"column":4},"end":{"line":15,"column":27}}},"fnMap":{"0":{"name":"(anonymous_0)","decl":{"start":{"line":5,"column":2},"end":{"line":5,"column":3}},"loc":{"start":{"line":5,"column":25},"end":{"line":7,"column":3}},"line":5},"1":{"name":"(anonymous_1)","decl":{"start":{"line":14,"column":2},"end":{"line":14,"column":3}},"loc":{"start":{"line":14,"column":27},"end":{"line":16,"column":3}},"line":14}},"branchMap":{},"s":{"0":0,"1":0},"f":{"0":0,"1":0},"b":{}}
,"G:\\the-quad\\client\\src\\controllers\\OfficialStatusController.js": {"path":"G:\\the-quad\\client\\src\\controllers\\OfficialStatusController.js","statementMap":{"0":{"start":{"line":9,"column":4},"end":{"line":9,"column":16}},"1":{"start":{"line":13,"column":4},"end":{"line":13,"column":16}}},"fnMap":{"0":{"name":"(anonymous_0)","decl":{"start":{"line":7,"column":2},"end":{"line":7,"column":3}},"loc":{"start":{"line":7,"column":40},"end":{"line":10,"column":3}},"line":7},"1":{"name":"(anonymous_1)","decl":{"start":{"line":11,"column":2},"end":{"line":11,"column":3}},"loc":{"start":{"line":11,"column":35},"end":{"line":14,"column":3}},"line":11},"2":{"name":"(anonymous_2)","decl":{"start":{"line":15,"column":2},"end":{"line":15,"column":3}},"loc":{"start":{"line":15,"column":26},"end":{"line":17,"column":3}},"line":15},"3":{"name":"(anonymous_3)","decl":{"start":{"line":18,"column":2},"end":{"line":18,"column":3}},"loc":{"start":{"line":18,"column":21},"end":{"line":20,"column":3}},"line":18},"4":{"name":"(anonymous_4)","decl":{"start":{"line":21,"column":2},"end":{"line":21,"column":3}},"loc":{"start":{"line":21,"column":23},"end":{"line":23,"column":3}},"line":21}},"branchMap":{},"s":{"0":0,"1":0},"f":{"0":0,"1":0,"2":0,"3":0,"4":0},"b":{}}
,"G:\\the-quad\\client\\src\\controllers\\OrganizationController.js": {"path":"G:\\the-quad\\client\\src\\controllers\\OrganizationController.js","statementMap":{"0":{"start":{"line":17,"column":4},"end":{"line":17,"column":19}},"1":{"start":{"line":18,"column":4},"end":{"line":18,"column":35}},"2":{"start":{"line":27,"column":4},"end":{"line":71,"column":7}},"3":{"start":{"line":28,"column":23},"end":{"line":28,"column":53}},"4":{"start":{"line":29,"column":19},"end":{"line":29,"column":39}},"5":{"start":{"line":30,"column":26},"end":{"line":30,"column":59}},"6":{"start":{"line":31,"column":21},"end":{"line":31,"column":43}},"7":{"start":{"line":32,"column":22},"end":{"line":32,"column":57}},"8":{"start":{"line":34,"column":6},"end":{"line":36,"column":7}},"9":{"start":{"line":35,"column":8},"end":{"line":35,"column":68}},"10":{"start":{"line":38,"column":26},"end":{"line":39,"column":60}},"11":{"start":{"line":40,"column":6},"end":{"line":42,"column":7}},"12":{"start":{"line":41,"column":8},"end":{"line":41,"column":60}},"13":{"start":{"line":44,"column":25},"end":{"line":44,"column":27}},"14":{"start":{"line":44,"column":41},"end":{"line":44,"column":43}},"15":{"start":{"line":45,"column":24},"end":{"line":45,"column":49}},"16":{"start":{"line":46,"column":6},"end":{"line":49,"column":7}},"17":{"start":{"line":47,"column":26},"end":{"line":47,"column":51}},"18":{"start":{"line":48,"column":8},"end":{"line":48,"column":104}},"19":{"start":{"line":50,"column":21},"end":{"line":50,"column":43}},"20":{"start":{"line":51,"column":6},"end":{"line":54,"column":7}},"21":{"start":{"line":52,"column":26},"end":{"line":52,"column":51}},"22":{"start":{"line":53,"column":8},"end":{"line":53,"column":96}},"23":{"start":{"line":56,"column":27},"end":{"line":59,"column":63}},"24":{"start":{"line":60,"column":23},"end":{"line":60,"column":52}},"25":{"start":{"line":61,"column":6},"end":{"line":64,"column":29}},"26":{"start":{"line":66,"column":6},"end":{"line":70,"column":8}},"27":{"start":{"line":80,"column":4},"end":{"line":95,"column":7}},"28":{"start":{"line":81,"column":18},"end":{"line":81,"column":34}},"29":{"start":{"line":82,"column":21},"end":{"line":82,"column":51}},"30":{"start":{"line":83,"column":6},"end":{"line":85,"column":7}},"31":{"start":{"line":84,"column":8},"end":{"line":84,"column":47}},"32":{"start":{"line":86,"column":22},"end":{"line":90,"column":18}},"33":{"start":{"line":91,"column":6},"end":{"line":94,"column":8}},"34":{"start":{"line":104,"column":4},"end":{"line":116,"column":7}},"35":{"start":{"line":105,"column":28},"end":{"line":111,"column":8}},"36":{"start":{"line":112,"column":6},"end":{"line":115,"column":8}},"37":{"start":{"line":126,"column":4},"end":{"line":148,"column":7}},"38":{"start":{"line":127,"column":27},"end":{"line":133,"column":17}},"39":{"start":{"line":134,"column":6},"end":{"line":136,"column":7}},"40":{"start":{"line":135,"column":8},"end":{"line":135,"column":50}},"41":{"start":{"line":137,"column":21},"end":{"line":142,"column":17}},"42":{"start":{"line":143,"column":6},"end":{"line":143,"column":44}},"43":{"start":{"line":144,"column":6},"end":{"line":147,"column":8}},"44":{"start":{"line":158,"column":4},"end":{"line":168,"column":7}},"45":{"start":{"line":159,"column":21},"end":{"line":163,"column":17}},"46":{"start":{"line":164,"column":6},"end":{"line":167,"column":8}},"47":{"start":{"line":178,"column":4},"end":{"line":231,"column":7}},"48":{"start":{"line":179,"column":25},"end":{"line":179,"column":63}},"49":{"start":{"line":180,"column":6},"end":{"line":182,"column":7}},"50":{"start":{"line":181,"column":8},"end":{"line":181,"column":51}},"51":{"start":{"line":184,"column":20},"end":{"line":184,"column":53}},"52":{"start":{"line":186,"column":6},"end":{"line":190,"column":7}},"53":{"start":{"line":187,"column":8},"end":{"line":187,"column":41}},"54":{"start":{"line":189,"column":8},"end":{"line":189,"column":56}},"55":{"start":{"line":192,"column":23},"end":{"line":192,"column":39}},"56":{"start":{"line":193,"column":21},"end":{"line":193,"column":36}},"57":{"start":{"line":194,"column":6},"end":{"line":196,"column":7}},"58":{"start":{"line":195,"column":8},"end":{"line":195,"column":47}},"59":{"start":{"line":198,"column":22},"end":{"line":201,"column":25}},"60":{"start":{"line":202,"column":6},"end":{"line":204,"column":7}},"61":{"start":{"line":203,"column":8},"end":{"line":203,"column":81}},"62":{"start":{"line":206,"column":25},"end":{"line":223,"column":7}},"63":{"start":{"line":225,"column":6},"end":{"line":225,"column":45}},"64":{"start":{"line":227,"column":6},"end":{"line":230,"column":8}}},"fnMap":{"0":{"name":"(anonymous_0)","decl":{"start":{"line":16,"column":2},"end":{"line":16,"column":3}},"loc":{"start":{"line":16,"column":32},"end":{"line":19,"column":3}},"line":16},"1":{"name":"(anonymous_1)","decl":{"start":{"line":26,"column":2},"end":{"line":26,"column":3}},"loc":{"start":{"line":26,"column":38},"end":{"line":72,"column":3}},"line":26},"2":{"name":"(anonymous_2)","decl":{"start":{"line":27,"column":49},"end":{"line":27,"column":50}},"loc":{"start":{"line":27,"column":64},"end":{"line":71,"column":5}},"line":27},"3":{"name":"(anonymous_3)","decl":{"start":{"line":79,"column":2},"end":{"line":79,"column":3}},"loc":{"start":{"line":79,"column":38},"end":{"line":96,"column":3}},"line":79},"4":{"name":"(anonymous_4)","decl":{"start":{"line":80,"column":49},"end":{"line":80,"column":50}},"loc":{"start":{"line":80,"column":64},"end":{"line":95,"column":5}},"line":80},"5":{"name":"(anonymous_5)","decl":{"start":{"line":103,"column":2},"end":{"line":103,"column":3}},"loc":{"start":{"line":103,"column":37},"end":{"line":117,"column":3}},"line":103},"6":{"name":"(anonymous_6)","decl":{"start":{"line":104,"column":49},"end":{"line":104,"column":50}},"loc":{"start":{"line":104,"column":64},"end":{"line":116,"column":5}},"line":104},"7":{"name":"(anonymous_7)","decl":{"start":{"line":125,"column":2},"end":{"line":125,"column":3}},"loc":{"start":{"line":125,"column":40},"end":{"line":149,"column":3}},"line":125},"8":{"name":"(anonymous_8)","decl":{"start":{"line":126,"column":49},"end":{"line":126,"column":50}},"loc":{"start":{"line":126,"column":64},"end":{"line":148,"column":5}},"line":126},"9":{"name":"(anonymous_9)","decl":{"start":{"line":157,"column":2},"end":{"line":157,"column":3}},"loc":{"start":{"line":157,"column":46},"end":{"line":169,"column":3}},"line":157},"10":{"name":"(anonymous_10)","decl":{"start":{"line":158,"column":49},"end":{"line":158,"column":50}},"loc":{"start":{"line":158,"column":64},"end":{"line":168,"column":5}},"line":158},"11":{"name":"(anonymous_11)","decl":{"start":{"line":177,"column":2},"end":{"line":177,"column":3}},"loc":{"start":{"line":177,"column":43},"end":{"line":232,"column":3}},"line":177},"12":{"name":"(anonymous_12)","decl":{"start":{"line":178,"column":49},"end":{"line":178,"column":50}},"loc":{"start":{"line":178,"column":64},"end":{"line":231,"column":5}},"line":178}},"branchMap":{"0":{"loc":{"start":{"line":30,"column":26},"end":{"line":30,"column":59}},"type":"binary-expr","locations":[{"start":{"line":30,"column":26},"end":{"line":30,"column":53}},{"start":{"line":30,"column":57},"end":{"line":30,"column":59}}],"line":30},"1":{"loc":{"start":{"line":32,"column":22},"end":{"line":32,"column":57}},"type":"binary-expr","locations":[{"start":{"line":32,"column":22},"end":{"line":32,"column":45}},{"start":{"line":32,"column":49},"end":{"line":32,"column":57}}],"line":32},"2":{"loc":{"start":{"line":34,"column":6},"end":{"line":36,"column":7}},"type":"if","locations":[{"start":{"line":34,"column":6},"end":{"line":36,"column":7}},{"start":{},"end":{}}],"line":34},"3":{"loc":{"start":{"line":34,"column":10},"end":{"line":34,"column":26}},"type":"binary-expr","locations":[{"start":{"line":34,"column":10},"end":{"line":34,"column":15}},{"start":{"line":34,"column":19},"end":{"line":34,"column":26}}],"line":34},"4":{"loc":{"start":{"line":40,"column":6},"end":{"line":42,"column":7}},"type":"if","locations":[{"start":{"line":40,"column":6},"end":{"line":42,"column":7}},{"start":{},"end":{}}],"line":40},"5":{"loc":{"start":{"line":46,"column":6},"end":{"line":49,"column":7}},"type":"if","locations":[{"start":{"line":46,"column":6},"end":{"line":49,"column":7}},{"start":{},"end":{}}],"line":46},"6":{"loc":{"start":{"line":46,"column":10},"end":{"line":46,"column":41}},"type":"binary-expr","locations":[{"start":{"line":46,"column":10},"end":{"line":46,"column":19}},{"start":{"line":46,"column":23},"end":{"line":46,"column":41}}],"line":46},"7":{"loc":{"start":{"line":51,"column":6},"end":{"line":54,"column":7}},"type":"if","locations":[{"start":{"line":51,"column":6},"end":{"line":54,"column":7}},{"start":{},"end":{}}],"line":51},"8":{"loc":{"start":{"line":51,"column":10},"end":{"line":51,"column":35}},"type":"binary-expr","locations":[{"start":{"line":51,"column":10},"end":{"line":51,"column":16}},{"start":{"line":51,"column":20},"end":{"line":51,"column":35}}],"line":51},"9":{"loc":{"start":{"line":83,"column":6},"end":{"line":85,"column":7}},"type":"if","locations":[{"start":{"line":83,"column":6},"end":{"line":85,"column":7}},{"start":{},"end":{}}],"line":83},"10":{"loc":{"start":{"line":93,"column":23},"end":{"line":93,"column":36}},"type":"binary-expr","locations":[{"start":{"line":93,"column":23},"end":{"line":93,"column":30}},{"start":{"line":93,"column":34},"end":{"line":93,"column":36}}],"line":93},"11":{"loc":{"start":{"line":114,"column":23},"end":{"line":114,"column":42}},"type":"binary-expr","locations":[{"start":{"line":114,"column":23},"end":{"line":114,"column":36}},{"start":{"line":114,"column":40},"end":{"line":114,"column":42}}],"line":114},"12":{"loc":{"start":{"line":134,"column":6},"end":{"line":136,"column":7}},"type":"if","locations":[{"start":{"line":134,"column":6},"end":{"line":136,"column":7}},{"start":{},"end":{}}],"line":134},"13":{"loc":{"start":{"line":143,"column":31},"end":{"line":143,"column":43}},"type":"binary-expr","locations":[{"start":{"line":143,"column":31},"end":{"line":143,"column":37}},{"start":{"line":143,"column":41},"end":{"line":143,"column":43}}],"line":143},"14":{"loc":{"start":{"line":166,"column":16},"end":{"line":166,"column":28}},"type":"binary-expr","locations":[{"start":{"line":166,"column":16},"end":{"line":166,"column":22}},{"start":{"line":166,"column":26},"end":{"line":166,"column":28}}],"line":166},"15":{"loc":{"start":{"line":179,"column":25},"end":{"line":179,"column":63}},"type":"binary-expr","locations":[{"start":{"line":179,"column":25},"end":{"line":179,"column":57}},{"start":{"line":179,"column":61},"end":{"line":179,"column":63}}],"line":179},"16":{"loc":{"start":{"line":180,"column":6},"end":{"line":182,"column":7}},"type":"if","locations":[{"start":{"line":180,"column":6},"end":{"line":182,"column":7}},{"start":{},"end":{}}],"line":180},"17":{"loc":{"start":{"line":194,"column":6},"end":{"line":196,"column":7}},"type":"if","locations":[{"start":{"line":194,"column":6},"end":{"line":196,"column":7}},{"start":{},"end":{}}],"line":194},"18":{"loc":{"start":{"line":202,"column":6},"end":{"line":204,"column":7}},"type":"if","locations":[{"start":{"line":202,"column":6},"end":{"line":204,"column":7}},{"start":{},"end":{}}],"line":202}},"s":{"0":0,"1":0,"2":0,"3":0,"4":0,"5":0,"6":0,"7":0,"8":0,"9":0,"10":0,"11":0,"12":0,"13":0,"14":0,"15":0,"16":0,"17":0,"18":0,"19":0,"20":0,"21":0,"22":0,"23":0,"24":0,"25":0,"26":0,"27":0,"28":0,"29":0,"30":0,"31":0,"32":0,"33":0,"34":0,"35":0,"36":0,"37":0,"38":0,"39":0,"40":0,"41":0,"42":0,"43":0,"44":0,"45":0,"46":0,"47":0,"48":0,"49":0,"50":0,"51":0,"52":0,"53":0,"54":0,"55":0,"56":0,"57":0,"58":0,"59":0,"60":0,"61":0,"62":0,"63":0,"64":0},"f":{"0":0,"1":0,"2":0,"3":0,"4":0,"5":0,"6":0,"7":0,"8":0,"9":0,"10":0,"11":0,"12":0},"b":{"0":[0,0],"1":[0,0],"2":[0,0],"3":[0,0],"4":[0,0],"5":[0,0],"6":[0,0],"7":[0,0],"8":[0,0],"9":[0,0],"10":[0,0],"11":[0,0],"12":[0,0],"13":[0,0],"14":[0,0],"15":[0,0],"16":[0,0],"17":[0,0],"18":[0,0]}}
,"G:\\the-quad\\client\\src\\controllers\\index.js": {"path":"G:\\the-quad\\client\\src\\controllers\\index.js","statementMap":{},"fnMap":{},"branchMap":{},"s":{},"f":{},"b":{}}
,"G:\\the-quad\\client\\src\\services\\BackendService.js": {"path":"G:\\the-quad\\client\\src\\services\\BackendService.js","statementMap":{"0":{"start":{"line":15,"column":24},"end":{"line":20,"column":9}},"1":{"start":{"line":23,"column":8},"end":{"line":25,"column":9}},"2":{"start":{"line":24,"column":12},"end":{"line":24,"column":64}},"3":{"start":{"line":27,"column":8},"end":{"line":38,"column":9}},"4":{"start":{"line":29,"column":29},"end":{"line":29,"column":51}},"5":{"start":{"line":30,"column":12},"end":{"line":32,"column":15}},"6":{"start":{"line":34,"column":12},"end":{"line":37,"column":15}},"7":{"start":{"line":50,"column":28},"end":{"line":50,"column":69}},"8":{"start":{"line":51,"column":8},"end":{"line":60,"column":9}},"9":{"start":{"line":52,"column":12},"end":{"line":52,"column":40}},"10":{"start":{"line":53,"column":15},"end":{"line":60,"column":9}},"11":{"start":{"line":54,"column":29},"end":{"line":54,"column":53}},"12":{"start":{"line":55,"column":25},"end":{"line":55,"column":27}},"13":{"start":{"line":56,"column":12},"end":{"line":58,"column":15}},"14":{"start":{"line":57,"column":16},"end":{"line":57,"column":34}},"15":{"start":{"line":59,"column":12},"end":{"line":59,"column":24}},"16":{"start":{"line":61,"column":8},"end":{"line":61,"column":52}}},"fnMap":{"0":{"name":"(anonymous_0)","decl":{"start":{"line":13,"column":4},"end":{"line":13,"column":5}},"loc":{"start":{"line":13,"column":49},"end":{"line":39,"column":5}},"line":13},"1":{"name":"(anonymous_1)","decl":{"start":{"line":49,"column":4},"end":{"line":49,"column":5}},"loc":{"start":{"line":49,"column":39},"end":{"line":62,"column":5}},"line":49},"2":{"name":"(anonymous_2)","decl":{"start":{"line":56,"column":29},"end":{"line":56,"column":30}},"loc":{"start":{"line":56,"column":45},"end":{"line":58,"column":13}},"line":56}},"branchMap":{"0":{"loc":{"start":{"line":23,"column":8},"end":{"line":25,"column":9}},"type":"if","locations":[{"start":{"line":23,"column":8},"end":{"line":25,"column":9}},{"start":{},"end":{}}],"line":23},"1":{"loc":{"start":{"line":50,"column":28},"end":{"line":50,"column":69}},"type":"binary-expr","locations":[{"start":{"line":50,"column":28},"end":{"line":50,"column":63}},{"start":{"line":50,"column":67},"end":{"line":50,"column":69}}],"line":50},"2":{"loc":{"start":{"line":51,"column":8},"end":{"line":60,"column":9}},"type":"if","locations":[{"start":{"line":51,"column":8},"end":{"line":60,"column":9}},{"start":{"line":53,"column":15},"end":{"line":60,"column":9}}],"line":51},"3":{"loc":{"start":{"line":53,"column":15},"end":{"line":60,"column":9}},"type":"if","locations":[{"start":{"line":53,"column":15},"end":{"line":60,"column":9}},{"start":{},"end":{}}],"line":53}},"s":{"0":0,"1":0,"2":0,"3":0,"4":0,"5":0,"6":0,"7":0,"8":0,"9":0,"10":0,"11":0,"12":0,"13":0,"14":0,"15":0,"16":0},"f":{"0":0,"1":0,"2":0},"b":{"0":[0,0],"1":[0,0],"2":[0,0],"3":[0,0]}}
,"G:\\the-quad\\client\\src\\services\\DatabaseService.js": {"path":"G:\\the-quad\\client\\src\\services\\DatabaseService.js","statementMap":{"0":{"start":{"line":14,"column":4},"end":{"line":21,"column":5}},"1":{"start":{"line":15,"column":24},"end":{"line":15,"column":48}},"2":{"start":{"line":16,"column":29},"end":{"line":16,"column":54}},"3":{"start":{"line":17,"column":21},"end":{"line":17,"column":47}},"4":{"start":{"line":18,"column":6},"end":{"line":18,"column":34}},"5":{"start":{"line":20,"column":6},"end":{"line":20,"column":65}},"6":{"start":{"line":33,"column":4},"end":{"line":39,"column":5}},"7":{"start":{"line":34,"column":24},"end":{"line":34,"column":48}},"8":{"start":{"line":35,"column":29},"end":{"line":35,"column":54}},"9":{"start":{"line":36,"column":6},"end":{"line":36,"column":40}},"10":{"start":{"line":38,"column":6},"end":{"line":38,"column":69}}},"fnMap":{"0":{"name":"(anonymous_0)","decl":{"start":{"line":13,"column":2},"end":{"line":13,"column":3}},"loc":{"start":{"line":13,"column":46},"end":{"line":22,"column":3}},"line":13},"1":{"name":"(anonymous_1)","decl":{"start":{"line":32,"column":2},"end":{"line":32,"column":3}},"loc":{"start":{"line":32,"column":48},"end":{"line":40,"column":3}},"line":32}},"branchMap":{"0":{"loc":{"start":{"line":13,"column":33},"end":{"line":13,"column":44}},"type":"default-arg","locations":[{"start":{"line":13,"column":42},"end":{"line":13,"column":44}}],"line":13},"1":{"loc":{"start":{"line":18,"column":13},"end":{"line":18,"column":33}},"type":"binary-expr","locations":[{"start":{"line":18,"column":13},"end":{"line":18,"column":27}},{"start":{"line":18,"column":31},"end":{"line":18,"column":33}}],"line":18},"2":{"loc":{"start":{"line":32,"column":35},"end":{"line":32,"column":46}},"type":"default-arg","locations":[{"start":{"line":32,"column":44},"end":{"line":32,"column":46}}],"line":32}},"s":{"0":0,"1":0,"2":0,"3":0,"4":0,"5":0,"6":0,"7":0,"8":0,"9":0,"10":0},"f":{"0":0,"1":0},"b":{"0":[0],"1":[0,0],"2":[0]}}
,"G:\\the-quad\\client\\src\\utils\\auth.js": {"path":"G:\\the-quad\\client\\src\\utils\\auth.js","statementMap":{"0":{"start":{"line":26,"column":19},"end":{"line":26,"column":47}},"1":{"start":{"line":27,"column":16},"end":{"line":27,"column":45}},"2":{"start":{"line":28,"column":23},"end":{"line":28,"column":74}},"3":{"start":{"line":29,"column":25},"end":{"line":29,"column":53}},"4":{"start":{"line":30,"column":26},"end":{"line":30,"column":58}},"5":{"start":{"line":32,"column":22},"end":{"line":32,"column":46}},"6":{"start":{"line":33,"column":4},"end":{"line":33,"column":59}},"7":{"start":{"line":44,"column":4},"end":{"line":53,"column":5}},"8":{"start":{"line":45,"column":22},"end":{"line":45,"column":38}},"9":{"start":{"line":46,"column":8},"end":{"line":46,"column":72}},"10":{"start":{"line":46,"column":32},"end":{"line":46,"column":72}},"11":{"start":{"line":47,"column":24},"end":{"line":47,"column":50}},"12":{"start":{"line":48,"column":8},"end":{"line":49,"column":49}},"13":{"start":{"line":49,"column":12},"end":{"line":49,"column":49}},"14":{"start":{"line":50,"column":8},"end":{"line":50,"column":23}},"15":{"start":{"line":52,"column":8},"end":{"line":52,"column":59}},"16":{"start":{"line":67,"column":20},"end":{"line":67,"column":37}},"17":{"start":{"line":68,"column":17},"end":{"line":68,"column":59}},"18":{"start":{"line":69,"column":23},"end":{"line":69,"column":66}},"19":{"start":{"line":70,"column":4},"end":{"line":72,"column":18}},"20":{"start":{"line":71,"column":18},"end":{"line":71,"column":49}},"21":{"start":{"line":85,"column":25},"end":{"line":85,"column":59}},"22":{"start":{"line":86,"column":4},"end":{"line":86,"column":43}}},"fnMap":{"0":{"name":"generateJWT","decl":{"start":{"line":25,"column":16},"end":{"line":25,"column":27}},"loc":{"start":{"line":25,"column":37},"end":{"line":34,"column":1}},"line":25},"1":{"name":"verifyJWT","decl":{"start":{"line":43,"column":16},"end":{"line":43,"column":25}},"loc":{"start":{"line":43,"column":33},"end":{"line":54,"column":1}},"line":43},"2":{"name":"hashPassword","decl":{"start":{"line":66,"column":22},"end":{"line":66,"column":34}},"loc":{"start":{"line":66,"column":45},"end":{"line":73,"column":1}},"line":66},"3":{"name":"(anonymous_3)","decl":{"start":{"line":71,"column":13},"end":{"line":71,"column":14}},"loc":{"start":{"line":71,"column":18},"end":{"line":71,"column":49}},"line":71},"4":{"name":"verifyPassword","decl":{"start":{"line":84,"column":22},"end":{"line":84,"column":36}},"loc":{"start":{"line":84,"column":63},"end":{"line":87,"column":1}},"line":84}},"branchMap":{"0":{"loc":{"start":{"line":46,"column":8},"end":{"line":46,"column":72}},"type":"if","locations":[{"start":{"line":46,"column":8},"end":{"line":46,"column":72}},{"start":{},"end":{}}],"line":46},"1":{"loc":{"start":{"line":48,"column":8},"end":{"line":49,"column":49}},"type":"if","locations":[{"start":{"line":48,"column":8},"end":{"line":49,"column":49}},{"start":{},"end":{}}],"line":48},"2":{"loc":{"start":{"line":48,"column":12},"end":{"line":48,"column":70}},"type":"binary-expr","locations":[{"start":{"line":48,"column":12},"end":{"line":48,"column":23}},{"start":{"line":48,"column":27},"end":{"line":48,"column":70}}],"line":48}},"s":{"0":0,"1":0,"2":0,"3":0,"4":0,"5":0,"6":0,"7":0,"8":0,"9":0,"10":0,"11":0,"12":0,"13":0,"14":0,"15":0,"16":0,"17":0,"18":0,"19":0,"20":0,"21":0,"22":0},"f":{"0":0,"1":0,"2":0,"3":0,"4":0},"b":{"0":[0,0],"1":[0,0],"2":[0,0]}}
,"G:\\the-quad\\client\\src\\utils\\formData.js": {"path":"G:\\the-quad\\client\\src\\utils\\formData.js","statementMap":{"0":{"start":{"line":21,"column":22},"end":{"line":21,"column":63}},"1":{"start":{"line":22,"column":2},"end":{"line":32,"column":3}},"2":{"start":{"line":24,"column":4},"end":{"line":24,"column":36}},"3":{"start":{"line":25,"column":9},"end":{"line":32,"column":3}},"4":{"start":{"line":26,"column":17},"end":{"line":26,"column":37}},"5":{"start":{"line":27,"column":21},"end":{"line":27,"column":35}},"6":{"start":{"line":28,"column":4},"end":{"line":30,"column":7}},"7":{"start":{"line":29,"column":6},"end":{"line":29,"column":34}},"8":{"start":{"line":31,"column":4},"end":{"line":31,"column":20}},"9":{"start":{"line":33,"column":2},"end":{"line":33,"column":24}}},"fnMap":{"0":{"name":"parseFormData","decl":{"start":{"line":20,"column":22},"end":{"line":20,"column":35}},"loc":{"start":{"line":20,"column":45},"end":{"line":34,"column":1}},"line":20},"1":{"name":"(anonymous_1)","decl":{"start":{"line":28,"column":33},"end":{"line":28,"column":34}},"loc":{"start":{"line":28,"column":51},"end":{"line":30,"column":5}},"line":28}},"branchMap":{"0":{"loc":{"start":{"line":21,"column":22},"end":{"line":21,"column":63}},"type":"binary-expr","locations":[{"start":{"line":21,"column":22},"end":{"line":21,"column":57}},{"start":{"line":21,"column":61},"end":{"line":21,"column":63}}],"line":21},"1":{"loc":{"start":{"line":22,"column":2},"end":{"line":32,"column":3}},"type":"if","locations":[{"start":{"line":22,"column":2},"end":{"line":32,"column":3}},{"start":{"line":25,"column":9},"end":{"line":32,"column":3}}],"line":22},"2":{"loc":{"start":{"line":22,"column":6},"end":{"line":23,"column":63}},"type":"binary-expr","locations":[{"start":{"line":22,"column":6},"end":{"line":22,"column":49}},{"start":{"line":23,"column":6},"end":{"line":23,"column":63}}],"line":22},"3":{"loc":{"start":{"line":25,"column":9},"end":{"line":32,"column":3}},"type":"if","locations":[{"start":{"line":25,"column":9},"end":{"line":32,"column":3}},{"start":{},"end":{}}],"line":25}},"s":{"0":0,"1":0,"2":0,"3":0,"4":0,"5":0,"6":0,"7":0,"8":0,"9":0},"f":{"0":0,"1":0},"b":{"0":[0,0],"1":[0,0],"2":[0,0],"3":[0,0]}}
,"G:\\the-quad\\client\\src\\utils\\index.js": {"path":"G:\\the-quad\\client\\src\\utils\\index.js","statementMap":{},"fnMap":{},"branchMap":{},"s":{},"f":{},"b":{}}
,"G:\\the-quad\\client\\src\\utils\\storage.js": {"path":"G:\\the-quad\\client\\src\\utils\\storage.js","statementMap":{"0":{"start":{"line":21,"column":2},"end":{"line":23,"column":3}},"1":{"start":{"line":22,"column":4},"end":{"line":22,"column":49}},"2":{"start":{"line":24,"column":17},"end":{"line":24,"column":41}},"3":{"start":{"line":25,"column":22},"end":{"line":25,"column":61}},"4":{"start":{"line":26,"column":2},"end":{"line":26,"column":75}},"5":{"start":{"line":27,"column":2},"end":{"line":27,"column":27}},"6":{"start":{"line":54,"column":15},"end":{"line":54,"column":49}},"7":{"start":{"line":55,"column":2},"end":{"line":58,"column":3}},"8":{"start":{"line":56,"column":18},"end":{"line":56,"column":38}},"9":{"start":{"line":57,"column":4},"end":{"line":57,"column":50}},"10":{"start":{"line":59,"column":2},"end":{"line":61,"column":3}},"11":{"start":{"line":60,"column":4},"end":{"line":60,"column":82}},"12":{"start":{"line":62,"column":20},"end":{"line":62,"column":60}},"13":{"start":{"line":63,"column":23},"end":{"line":67,"column":3}},"14":{"start":{"line":68,"column":22},"end":{"line":68,"column":75}},"15":{"start":{"line":69,"column":2},"end":{"line":75,"column":5}}},"fnMap":{"0":{"name":"uploadFileToR2","decl":{"start":{"line":20,"column":22},"end":{"line":20,"column":36}},"loc":{"start":{"line":20,"column":54},"end":{"line":28,"column":1}},"line":20},"1":{"name":"serveImageFromR2","decl":{"start":{"line":53,"column":22},"end":{"line":53,"column":38}},"loc":{"start":{"line":53,"column":68},"end":{"line":76,"column":1}},"line":53}},"branchMap":{"0":{"loc":{"start":{"line":21,"column":2},"end":{"line":23,"column":3}},"type":"if","locations":[{"start":{"line":21,"column":2},"end":{"line":23,"column":3}},{"start":{},"end":{}}],"line":21},"1":{"loc":{"start":{"line":25,"column":22},"end":{"line":25,"column":61}},"type":"binary-expr","locations":[{"start":{"line":25,"column":22},"end":{"line":25,"column":31}},{"start":{"line":25,"column":35},"end":{"line":25,"column":61}}],"line":25},"2":{"loc":{"start":{"line":55,"column":2},"end":{"line":58,"column":3}},"type":"if","locations":[{"start":{"line":55,"column":2},"end":{"line":58,"column":3}},{"start":{},"end":{}}],"line":55},"3":{"loc":{"start":{"line":55,"column":6},"end":{"line":55,"column":48}},"type":"binary-expr","locations":[{"start":{"line":55,"column":6},"end":{"line":55,"column":21}},{"start":{"line":55,"column":25},"end":{"line":55,"column":48}}],"line":55},"4":{"loc":{"start":{"line":59,"column":2},"end":{"line":61,"column":3}},"type":"if","locations":[{"start":{"line":59,"column":2},"end":{"line":61,"column":3}},{"start":{},"end":{}}],"line":59},"5":{"loc":{"start":{"line":68,"column":22},"end":{"line":68,"column":75}},"type":"binary-expr","locations":[{"start":{"line":68,"column":22},"end":{"line":68,"column":45}},{"start":{"line":68,"column":49},"end":{"line":68,"column":75}}],"line":68}},"s":{"0":2,"1":1,"2":1,"3":0,"4":0,"5":0,"6":2,"7":2,"8":0,"9":0,"10":2,"11":1,"12":1,"13":1,"14":1,"15":1},"f":{"0":2,"1":2},"b":{"0":[1,1],"1":[0,0],"2":[0,2],"3":[2,1],"4":[1,1],"5":[1,0]},"_coverageSchema":"1a1c01bbd47fc00a2c39e90264f33305004495a9","hash":"f60989bf713363e58d80cc882279626e6cbdbc49"}
}
